<?xml version="1.0" encoding="UTF-8"?>
<testsuite xmlns:xsi="http://www.w3.org/2001/XMLSchema-instance" xsi:noNamespaceSchemaLocation="https://maven.apache.org/surefire/maven-surefire-plugin/xsd/surefire-test-report-3.0.xsd" version="3.0" name="com.rollerite.plugin.services.ConfigServiceTest" time="1.46" tests="12" errors="0" skipped="0" failures="0">
  <properties>
    <property name="java.specification.version" value="21"/>
    <property name="sun.cpu.isalist" value="amd64"/>
    <property name="sun.jnu.encoding" value="Cp1252"/>
    <property name="java.class.path" value="C:\Users\Djorr\Documents\Github\Rollerite-Application-Plugin\target\test-classes;C:\Users\Djorr\Documents\Github\Rollerite-Application-Plugin\target\classes;C:\Users\Djorr\.m2\repository\io\papermc\paper\paper-api\1.21.5-R0.1-SNAPSHOT\paper-api-1.21.5-R0.1-SNAPSHOT.jar;C:\Users\Djorr\.m2\repository\com\google\guava\guava\33.3.1-jre\guava-33.3.1-jre.jar;C:\Users\Djorr\.m2\repository\com\google\guava\failureaccess\1.0.2\failureaccess-1.0.2.jar;C:\Users\Djorr\.m2\repository\com\google\guava\listenablefuture\9999.0-empty-to-avoid-conflict-with-guava\listenablefuture-9999.0-empty-to-avoid-conflict-with-guava.jar;C:\Users\Djorr\.m2\repository\com\google\code\findbugs\jsr305\3.0.2\jsr305-3.0.2.jar;C:\Users\Djorr\.m2\repository\com\google\errorprone\error_prone_annotations\2.28.0\error_prone_annotations-2.28.0.jar;C:\Users\Djorr\.m2\repository\com\google\j2objc\j2objc-annotations\3.0.0\j2objc-annotations-3.0.0.jar;C:\Users\Djorr\.m2\repository\com\google\code\gson\gson\2.11.0\gson-2.11.0.jar;C:\Users\Djorr\.m2\repository\org\yaml\snakeyaml\2.2\snakeyaml-2.2.jar;C:\Users\Djorr\.m2\repository\org\joml\joml\1.10.8\joml-1.10.8.jar;C:\Users\Djorr\.m2\repository\it\unimi\dsi\fastutil\8.5.15\fastutil-8.5.15.jar;C:\Users\Djorr\.m2\repository\org\apache\logging\log4j\log4j-api\2.24.1\log4j-api-2.24.1.jar;C:\Users\Djorr\.m2\repository\org\slf4j\slf4j-api\2.0.16\slf4j-api-2.0.16.jar;C:\Users\Djorr\.m2\repository\com\mojang\brigadier\1.3.10\brigadier-1.3.10.jar;C:\Users\Djorr\.m2\repository\net\md-5\bungeecord-chat\1.21-R0.2-deprecated+build.21\bungeecord-chat-1.21-R0.2-deprecated+build.21.jar;C:\Users\Djorr\.m2\repository\org\apache\maven\maven-resolver-provider\3.9.6\maven-resolver-provider-3.9.6.jar;C:\Users\Djorr\.m2\repository\org\apache\maven\maven-model\3.9.6\maven-model-3.9.6.jar;C:\Users\Djorr\.m2\repository\org\apache\maven\maven-model-builder\3.9.6\maven-model-builder-3.9.6.jar;C:\Users\Djorr\.m2\repository\org\codehaus\plexus\plexus-interpolation\1.26\plexus-interpolation-1.26.jar;C:\Users\Djorr\.m2\repository\org\apache\maven\maven-artifact\3.9.6\maven-artifact-3.9.6.jar;C:\Users\Djorr\.m2\repository\org\apache\commons\commons-lang3\3.12.0\commons-lang3-3.12.0.jar;C:\Users\Djorr\.m2\repository\org\apache\maven\maven-builder-support\3.9.6\maven-builder-support-3.9.6.jar;C:\Users\Djorr\.m2\repository\org\eclipse\sisu\org.eclipse.sisu.inject\0.9.0.M2\org.eclipse.sisu.inject-0.9.0.M2.jar;C:\Users\Djorr\.m2\repository\org\apache\maven\maven-repository-metadata\3.9.6\maven-repository-metadata-3.9.6.jar;C:\Users\Djorr\.m2\repository\org\apache\maven\resolver\maven-resolver-api\1.9.18\maven-resolver-api-1.9.18.jar;C:\Users\Djorr\.m2\repository\org\apache\maven\resolver\maven-resolver-spi\1.9.18\maven-resolver-spi-1.9.18.jar;C:\Users\Djorr\.m2\repository\org\apache\maven\resolver\maven-resolver-util\1.9.18\maven-resolver-util-1.9.18.jar;C:\Users\Djorr\.m2\repository\org\apache\maven\resolver\maven-resolver-impl\1.9.18\maven-resolver-impl-1.9.18.jar;C:\Users\Djorr\.m2\repository\org\apache\maven\resolver\maven-resolver-named-locks\1.9.18\maven-resolver-named-locks-1.9.18.jar;C:\Users\Djorr\.m2\repository\org\codehaus\plexus\plexus-utils\3.5.1\plexus-utils-3.5.1.jar;C:\Users\Djorr\.m2\repository\javax\inject\javax.inject\1\javax.inject-1.jar;C:\Users\Djorr\.m2\repository\org\jspecify\jspecify\1.0.0\jspecify-1.0.0.jar;C:\Users\Djorr\.m2\repository\net\kyori\adventure-api\4.21.0\adventure-api-4.21.0.jar;C:\Users\Djorr\.m2\repository\net\kyori\adventure-key\4.21.0\adventure-key-4.21.0.jar;C:\Users\Djorr\.m2\repository\net\kyori\examination-api\1.3.0\examination-api-1.3.0.jar;C:\Users\Djorr\.m2\repository\net\kyori\examination-string\1.3.0\examination-string-1.3.0.jar;C:\Users\Djorr\.m2\repository\org\jetbrains\annotations\26.0.2\annotations-26.0.2.jar;C:\Users\Djorr\.m2\repository\net\kyori\adventure-text-minimessage\4.21.0\adventure-text-minimessage-4.21.0.jar;C:\Users\Djorr\.m2\repository\net\kyori\adventure-text-serializer-gson\4.21.0\adventure-text-serializer-gson-4.21.0.jar;C:\Users\Djorr\.m2\repository\net\kyori\adventure-text-serializer-json\4.21.0\adventure-text-serializer-json-4.21.0.jar;C:\Users\Djorr\.m2\repository\net\kyori\option\1.1.0\option-1.1.0.jar;C:\Users\Djorr\.m2\repository\com\google\auto\service\auto-service-annotations\1.1.1\auto-service-annotations-1.1.1.jar;C:\Users\Djorr\.m2\repository\net\kyori\adventure-text-serializer-commons\4.21.0\adventure-text-serializer-commons-4.21.0.jar;C:\Users\Djorr\.m2\repository\net\kyori\adventure-text-serializer-legacy\4.21.0\adventure-text-serializer-legacy-4.21.0.jar;C:\Users\Djorr\.m2\repository\net\kyori\adventure-text-serializer-plain\4.21.0\adventure-text-serializer-plain-4.21.0.jar;C:\Users\Djorr\.m2\repository\net\kyori\adventure-text-logger-slf4j\4.21.0\adventure-text-logger-slf4j-4.21.0.jar;C:\Users\Djorr\.m2\repository\org\checkerframework\checker-qual\3.49.2\checker-qual-3.49.2.jar;C:\Users\Djorr\.m2\repository\org\junit\jupiter\junit-jupiter\5.9.2\junit-jupiter-5.9.2.jar;C:\Users\Djorr\.m2\repository\org\junit\jupiter\junit-jupiter-api\5.9.2\junit-jupiter-api-5.9.2.jar;C:\Users\Djorr\.m2\repository\org\opentest4j\opentest4j\1.2.0\opentest4j-1.2.0.jar;C:\Users\Djorr\.m2\repository\org\junit\platform\junit-platform-commons\1.9.2\junit-platform-commons-1.9.2.jar;C:\Users\Djorr\.m2\repository\org\apiguardian\apiguardian-api\1.1.2\apiguardian-api-1.1.2.jar;C:\Users\Djorr\.m2\repository\org\junit\jupiter\junit-jupiter-params\5.9.2\junit-jupiter-params-5.9.2.jar;C:\Users\Djorr\.m2\repository\org\junit\jupiter\junit-jupiter-engine\5.9.2\junit-jupiter-engine-5.9.2.jar;C:\Users\Djorr\.m2\repository\org\junit\platform\junit-platform-engine\1.9.2\junit-platform-engine-1.9.2.jar;C:\Users\Djorr\.m2\repository\org\mockito\mockito-core\5.3.1\mockito-core-5.3.1.jar;C:\Users\Djorr\.m2\repository\net\bytebuddy\byte-buddy\1.14.4\byte-buddy-1.14.4.jar;C:\Users\Djorr\.m2\repository\net\bytebuddy\byte-buddy-agent\1.14.4\byte-buddy-agent-1.14.4.jar;C:\Users\Djorr\.m2\repository\org\objenesis\objenesis\3.3\objenesis-3.3.jar;C:\Users\Djorr\.m2\repository\org\mockito\mockito-junit-jupiter\5.3.1\mockito-junit-jupiter-5.3.1.jar;"/>
    <property name="java.vm.vendor" value="Oracle Corporation"/>
    <property name="sun.arch.data.model" value="64"/>
    <property name="user.variant" value=""/>
    <property name="java.vendor.url" value="https://java.oracle.com/"/>
    <property name="user.timezone" value="Europe/Berlin"/>
    <property name="os.name" value="Windows 11"/>
    <property name="java.vm.specification.version" value="21"/>
    <property name="sun.java.launcher" value="SUN_STANDARD"/>
    <property name="user.country" value="US"/>
    <property name="sun.boot.library.path" value="C:\Program Files\Java\jdk-21\bin"/>
    <property name="sun.java.command" value="C:\Users\Djorr\AppData\Local\Temp\surefire14987441730727996269\surefirebooter-20250629004403316_3.jar C:\Users\Djorr\AppData\Local\Temp\surefire14987441730727996269 2025-06-29T00-44-03_173-jvmRun1 surefire-20250629004403316_1tmp surefire_0-20250629004403316_2tmp"/>
    <property name="jdk.debug" value="release"/>
    <property name="surefire.test.class.path" value="C:\Users\Djorr\Documents\Github\Rollerite-Application-Plugin\target\test-classes;C:\Users\Djorr\Documents\Github\Rollerite-Application-Plugin\target\classes;C:\Users\Djorr\.m2\repository\io\papermc\paper\paper-api\1.21.5-R0.1-SNAPSHOT\paper-api-1.21.5-R0.1-SNAPSHOT.jar;C:\Users\Djorr\.m2\repository\com\google\guava\guava\33.3.1-jre\guava-33.3.1-jre.jar;C:\Users\Djorr\.m2\repository\com\google\guava\failureaccess\1.0.2\failureaccess-1.0.2.jar;C:\Users\Djorr\.m2\repository\com\google\guava\listenablefuture\9999.0-empty-to-avoid-conflict-with-guava\listenablefuture-9999.0-empty-to-avoid-conflict-with-guava.jar;C:\Users\Djorr\.m2\repository\com\google\code\findbugs\jsr305\3.0.2\jsr305-3.0.2.jar;C:\Users\Djorr\.m2\repository\com\google\errorprone\error_prone_annotations\2.28.0\error_prone_annotations-2.28.0.jar;C:\Users\Djorr\.m2\repository\com\google\j2objc\j2objc-annotations\3.0.0\j2objc-annotations-3.0.0.jar;C:\Users\Djorr\.m2\repository\com\google\code\gson\gson\2.11.0\gson-2.11.0.jar;C:\Users\Djorr\.m2\repository\org\yaml\snakeyaml\2.2\snakeyaml-2.2.jar;C:\Users\Djorr\.m2\repository\org\joml\joml\1.10.8\joml-1.10.8.jar;C:\Users\Djorr\.m2\repository\it\unimi\dsi\fastutil\8.5.15\fastutil-8.5.15.jar;C:\Users\Djorr\.m2\repository\org\apache\logging\log4j\log4j-api\2.24.1\log4j-api-2.24.1.jar;C:\Users\Djorr\.m2\repository\org\slf4j\slf4j-api\2.0.16\slf4j-api-2.0.16.jar;C:\Users\Djorr\.m2\repository\com\mojang\brigadier\1.3.10\brigadier-1.3.10.jar;C:\Users\Djorr\.m2\repository\net\md-5\bungeecord-chat\1.21-R0.2-deprecated+build.21\bungeecord-chat-1.21-R0.2-deprecated+build.21.jar;C:\Users\Djorr\.m2\repository\org\apache\maven\maven-resolver-provider\3.9.6\maven-resolver-provider-3.9.6.jar;C:\Users\Djorr\.m2\repository\org\apache\maven\maven-model\3.9.6\maven-model-3.9.6.jar;C:\Users\Djorr\.m2\repository\org\apache\maven\maven-model-builder\3.9.6\maven-model-builder-3.9.6.jar;C:\Users\Djorr\.m2\repository\org\codehaus\plexus\plexus-interpolation\1.26\plexus-interpolation-1.26.jar;C:\Users\Djorr\.m2\repository\org\apache\maven\maven-artifact\3.9.6\maven-artifact-3.9.6.jar;C:\Users\Djorr\.m2\repository\org\apache\commons\commons-lang3\3.12.0\commons-lang3-3.12.0.jar;C:\Users\Djorr\.m2\repository\org\apache\maven\maven-builder-support\3.9.6\maven-builder-support-3.9.6.jar;C:\Users\Djorr\.m2\repository\org\eclipse\sisu\org.eclipse.sisu.inject\0.9.0.M2\org.eclipse.sisu.inject-0.9.0.M2.jar;C:\Users\Djorr\.m2\repository\org\apache\maven\maven-repository-metadata\3.9.6\maven-repository-metadata-3.9.6.jar;C:\Users\Djorr\.m2\repository\org\apache\maven\resolver\maven-resolver-api\1.9.18\maven-resolver-api-1.9.18.jar;C:\Users\Djorr\.m2\repository\org\apache\maven\resolver\maven-resolver-spi\1.9.18\maven-resolver-spi-1.9.18.jar;C:\Users\Djorr\.m2\repository\org\apache\maven\resolver\maven-resolver-util\1.9.18\maven-resolver-util-1.9.18.jar;C:\Users\Djorr\.m2\repository\org\apache\maven\resolver\maven-resolver-impl\1.9.18\maven-resolver-impl-1.9.18.jar;C:\Users\Djorr\.m2\repository\org\apache\maven\resolver\maven-resolver-named-locks\1.9.18\maven-resolver-named-locks-1.9.18.jar;C:\Users\Djorr\.m2\repository\org\codehaus\plexus\plexus-utils\3.5.1\plexus-utils-3.5.1.jar;C:\Users\Djorr\.m2\repository\javax\inject\javax.inject\1\javax.inject-1.jar;C:\Users\Djorr\.m2\repository\org\jspecify\jspecify\1.0.0\jspecify-1.0.0.jar;C:\Users\Djorr\.m2\repository\net\kyori\adventure-api\4.21.0\adventure-api-4.21.0.jar;C:\Users\Djorr\.m2\repository\net\kyori\adventure-key\4.21.0\adventure-key-4.21.0.jar;C:\Users\Djorr\.m2\repository\net\kyori\examination-api\1.3.0\examination-api-1.3.0.jar;C:\Users\Djorr\.m2\repository\net\kyori\examination-string\1.3.0\examination-string-1.3.0.jar;C:\Users\Djorr\.m2\repository\org\jetbrains\annotations\26.0.2\annotations-26.0.2.jar;C:\Users\Djorr\.m2\repository\net\kyori\adventure-text-minimessage\4.21.0\adventure-text-minimessage-4.21.0.jar;C:\Users\Djorr\.m2\repository\net\kyori\adventure-text-serializer-gson\4.21.0\adventure-text-serializer-gson-4.21.0.jar;C:\Users\Djorr\.m2\repository\net\kyori\adventure-text-serializer-json\4.21.0\adventure-text-serializer-json-4.21.0.jar;C:\Users\Djorr\.m2\repository\net\kyori\option\1.1.0\option-1.1.0.jar;C:\Users\Djorr\.m2\repository\com\google\auto\service\auto-service-annotations\1.1.1\auto-service-annotations-1.1.1.jar;C:\Users\Djorr\.m2\repository\net\kyori\adventure-text-serializer-commons\4.21.0\adventure-text-serializer-commons-4.21.0.jar;C:\Users\Djorr\.m2\repository\net\kyori\adventure-text-serializer-legacy\4.21.0\adventure-text-serializer-legacy-4.21.0.jar;C:\Users\Djorr\.m2\repository\net\kyori\adventure-text-serializer-plain\4.21.0\adventure-text-serializer-plain-4.21.0.jar;C:\Users\Djorr\.m2\repository\net\kyori\adventure-text-logger-slf4j\4.21.0\adventure-text-logger-slf4j-4.21.0.jar;C:\Users\Djorr\.m2\repository\org\checkerframework\checker-qual\3.49.2\checker-qual-3.49.2.jar;C:\Users\Djorr\.m2\repository\org\junit\jupiter\junit-jupiter\5.9.2\junit-jupiter-5.9.2.jar;C:\Users\Djorr\.m2\repository\org\junit\jupiter\junit-jupiter-api\5.9.2\junit-jupiter-api-5.9.2.jar;C:\Users\Djorr\.m2\repository\org\opentest4j\opentest4j\1.2.0\opentest4j-1.2.0.jar;C:\Users\Djorr\.m2\repository\org\junit\platform\junit-platform-commons\1.9.2\junit-platform-commons-1.9.2.jar;C:\Users\Djorr\.m2\repository\org\apiguardian\apiguardian-api\1.1.2\apiguardian-api-1.1.2.jar;C:\Users\Djorr\.m2\repository\org\junit\jupiter\junit-jupiter-params\5.9.2\junit-jupiter-params-5.9.2.jar;C:\Users\Djorr\.m2\repository\org\junit\jupiter\junit-jupiter-engine\5.9.2\junit-jupiter-engine-5.9.2.jar;C:\Users\Djorr\.m2\repository\org\junit\platform\junit-platform-engine\1.9.2\junit-platform-engine-1.9.2.jar;C:\Users\Djorr\.m2\repository\org\mockito\mockito-core\5.3.1\mockito-core-5.3.1.jar;C:\Users\Djorr\.m2\repository\net\bytebuddy\byte-buddy\1.14.4\byte-buddy-1.14.4.jar;C:\Users\Djorr\.m2\repository\net\bytebuddy\byte-buddy-agent\1.14.4\byte-buddy-agent-1.14.4.jar;C:\Users\Djorr\.m2\repository\org\objenesis\objenesis\3.3\objenesis-3.3.jar;C:\Users\Djorr\.m2\repository\org\mockito\mockito-junit-jupiter\5.3.1\mockito-junit-jupiter-5.3.1.jar;"/>
    <property name="sun.cpu.endian" value="little"/>
    <property name="user.home" value="C:\Users\Djorr"/>
    <property name="user.language" value="en"/>
    <property name="java.specification.vendor" value="Oracle Corporation"/>
    <property name="java.version.date" value="2025-01-21"/>
    <property name="java.home" value="C:\Program Files\Java\jdk-21"/>
    <property name="file.separator" value="\"/>
    <property name="basedir" value="C:\Users\Djorr\Documents\Github\Rollerite-Application-Plugin"/>
    <property name="java.vm.compressedOopsMode" value="Zero based"/>
    <property name="line.separator" value="&#10;"/>
    <property name="java.vm.specification.vendor" value="Oracle Corporation"/>
    <property name="java.specification.name" value="Java Platform API Specification"/>
    <property name="surefire.real.class.path" value="C:\Users\Djorr\AppData\Local\Temp\surefire14987441730727996269\surefirebooter-20250629004403316_3.jar"/>
    <property name="user.script" value=""/>
    <property name="sun.management.compiler" value="HotSpot 64-Bit Tiered Compilers"/>
    <property name="java.runtime.version" value="21.0.6+8-LTS-188"/>
    <property name="user.name" value="Djorr"/>
    <property name="stdout.encoding" value="Cp1252"/>
    <property name="path.separator" value=";"/>
    <property name="os.version" value="10.0"/>
    <property name="java.runtime.name" value="Java(TM) SE Runtime Environment"/>
    <property name="file.encoding" value="UTF-8"/>
    <property name="java.vm.name" value="Java HotSpot(TM) 64-Bit Server VM"/>
    <property name="localRepository" value="C:\Users\Djorr\.m2\repository"/>
    <property name="java.vendor.url.bug" value="https://bugreport.java.com/bugreport/"/>
    <property name="java.io.tmpdir" value="C:\Users\Djorr\AppData\Local\Temp\"/>
    <property name="idea.version" value="2025.1.3"/>
    <property name="java.version" value="21.0.6"/>
    <property name="user.dir" value="C:\Users\Djorr\Documents\Github\Rollerite-Application-Plugin"/>
    <property name="os.arch" value="amd64"/>
    <property name="java.vm.specification.name" value="Java Virtual Machine Specification"/>
    <property name="sun.os.patch.level" value=""/>
    <property name="native.encoding" value="Cp1252"/>
    <property name="java.library.path" value="C:\Program Files\Java\jdk-21\bin;C:\WINDOWS\Sun\Java\bin;C:\WINDOWS\system32;C:\WINDOWS;C:\Python313\Scripts\;C:\Python313\;C:\Program Files\Common Files\Oracle\Java\javapath;C:\Program Files (x86)\Common Files\Oracle\Java\java8path;C:\Program Files (x86)\Common Files\Oracle\Java\javapath;C:\WINDOWS\system32;C:\WINDOWS;C:\WINDOWS\System32\Wbem;C:\WINDOWS\System32\WindowsPowerShell\v1.0\;C:\WINDOWS\System32\OpenSSH\;C:\Program Files\NVIDIA Corporation\NVIDIA App\NvDLISR;C:\Program Files (x86)\NVIDIA Corporation\PhysX\Common;C:\Program Files\nodejs\;C:\ProgramData\chocolatey\bin;C:\Program Files\Git\cmd;c:\Users\Djorr\AppData\Local\Programs\cursor\resources\app\bin;c:\Users\Djorr\AppData\Local\Programs\cursor\resources\app\bin;C:\Program Files\Apache\apache-maven-3.9.9\bin;C:\Program Files\Docker\Docker\resources\bin;C:\Program Files\dotnet\;C:\Users\Djorr\AppData\Local\Microsoft\WindowsApps;C:\Users\Djorr\AppData\Local\JetBrains\Toolbox\scripts;C:\Users\Djorr\AppData\Roaming\npm;C:\Users\Djorr\AppData\Local\GitHubDesktop\bin;C:\ffmpeg;C:\Users\Djorr\AppData\Local\Programs\cursor\resources\app\bin;C:\Program Files\Apache\apache-maven-3.9.9\bin;C:\Users\Djorr\.dotnet\tools;."/>
    <property name="java.vm.info" value="mixed mode, sharing"/>
    <property name="stderr.encoding" value="Cp1252"/>
    <property name="java.vendor" value="Oracle Corporation"/>
    <property name="java.vm.version" value="21.0.6+8-LTS-188"/>
    <property name="sun.io.unicode.encoding" value="UnicodeLittle"/>
    <property name="java.class.version" value="65.0"/>
  </properties>
  <testcase name="testGetMessage_OddReplacements" classname="com.rollerite.plugin.services.ConfigServiceTest" time="1.381">
    <system-err><![CDATA[WARNING: A Java agent has been loaded dynamically (C:\Users\Djorr\.m2\repository\net\bytebuddy\byte-buddy-agent\1.14.4\byte-buddy-agent-1.14.4.jar)
WARNING: If a serviceability tool is in use, please run with -XX:+EnableDynamicAgentLoading to hide this warning
WARNING: If a serviceability tool is not in use, please run with -Djdk.instrument.traceUsage for more information
WARNING: Dynamic loading of agents will be disallowed by default in a future release
]]></system-err>
  </testcase>
  <testcase name="testGetMessage_EmptyReplacements" classname="com.rollerite.plugin.services.ConfigServiceTest" time="0.005"/>
  <testcase name="testIsGodFallDamageEnabled" classname="com.rollerite.plugin.services.ConfigServiceTest" time="0.012"/>
  <testcase name="testLoadConfig" classname="com.rollerite.plugin.services.ConfigServiceTest" time="0.003"/>
  <testcase name="testGetTPATimeout" classname="com.rollerite.plugin.services.ConfigServiceTest" time="0.004"/>
  <testcase name="testGetTPACooldown" classname="com.rollerite.plugin.services.ConfigServiceTest" time="0.002"/>
  <testcase name="testGetMessage_WithReplacements" classname="com.rollerite.plugin.services.ConfigServiceTest" time="0.003"/>
  <testcase name="testGetMessage_InvalidPath" classname="com.rollerite.plugin.services.ConfigServiceTest" time="0.002"/>
  <testcase name="testGetMessage_ValidPath" classname="com.rollerite.plugin.services.ConfigServiceTest" time="0.002"/>
  <testcase name="testGetPrefix" classname="com.rollerite.plugin.services.ConfigServiceTest" time="0.002"/>
  <testcase name="testIsGodHungerEnabled_False" classname="com.rollerite.plugin.services.ConfigServiceTest" time="0.004"/>
  <testcase name="testIsGodHungerEnabled_True" classname="com.rollerite.plugin.services.ConfigServiceTest" time="0.002"/>
</testsuite>